[debug] [2021-02-24T05:30:42.959Z] ----------------------------------------------------------------------
[debug] [2021-02-24T05:30:42.964Z] Command:       /usr/local/bin/node /usr/local/bin/firebase emulators:start
[debug] [2021-02-24T05:30:42.964Z] CLI Version:   9.4.0
[debug] [2021-02-24T05:30:42.965Z] Platform:      darwin
[debug] [2021-02-24T05:30:42.965Z] Node Version:  v15.5.1
[debug] [2021-02-24T05:30:42.973Z] Time:          Wed Feb 24 2021 11:00:42 GMT+0530 (India Standard Time)
[debug] [2021-02-24T05:30:42.973Z] ----------------------------------------------------------------------
[debug] [2021-02-24T05:30:42.973Z] 
[debug] [2021-02-24T05:30:42.978Z] >>> [apiv2][query] GET https://firebase-public.firebaseio.com/cli.json [none]
[debug] [2021-02-24T05:30:43.007Z] > command requires scopes: ["email","openid","https://www.googleapis.com/auth/cloudplatformprojects.readonly","https://www.googleapis.com/auth/firebase","https://www.googleapis.com/auth/cloud-platform"]
[debug] [2021-02-24T05:30:43.007Z] > authorizing via signed-in user
[info] i  emulators: Starting emulators: functions, hosting {"metadata":{"emulator":{"name":"hub"},"message":"Starting emulators: functions, hosting"}}
[debug] [2021-02-24T05:30:43.047Z] [hub] writing locator at /var/folders/xn/w72q2n212wnfn09w5jm_8m7r0000gn/T/hub-digi-sell.json
[warn] ⚠  functions: The following emulators are not running, calls to these services from the Functions emulator will affect production: auth, firestore, database, pubsub {"metadata":{"emulator":{"name":"functions"},"message":"The following emulators are not running, calls to these services from the Functions emulator will affect production: \u001b[1mauth, firestore, database, pubsub\u001b[22m"}}
[warn] ⚠  Your requested "node" version "12" doesn't match your global version "15" {"metadata":{"emulator":{"name":"functions"},"message":"Your requested \"node\" version \"12\" doesn't match your global version \"15\""}}
[debug] [2021-02-24T05:30:43.088Z] defaultcredentials: writing to file /Users/shwetang-/.config/firebase/shwetangkumarsingh_gmail_com_application_default_credentials.json
[debug] [2021-02-24T05:30:43.092Z] Setting GAC to /Users/shwetang-/.config/firebase/shwetangkumarsingh_gmail_com_application_default_credentials.json {"metadata":{"emulator":{"name":"functions"},"message":"Setting GAC to /Users/shwetang-/.config/firebase/shwetangkumarsingh_gmail_com_application_default_credentials.json"}}
[debug] [2021-02-24T05:30:43.094Z] > refreshing access token with scopes: []
[debug] [2021-02-24T05:30:43.095Z] >>> HTTP REQUEST POST https://www.googleapis.com/oauth2/v3/token  
 <request body omitted>
[debug] [2021-02-24T05:30:43.408Z] <<< HTTP RESPONSE 200 {"date":"Wed, 24 Feb 2021 05:30:43 GMT","expires":"Mon, 01 Jan 1990 00:00:00 GMT","cache-control":"no-cache, no-store, max-age=0, must-revalidate","pragma":"no-cache","content-type":"application/json; charset=utf-8","vary":"X-Origin, Referer, Origin,Accept-Encoding","server":"scaffolding on HTTPServer2","x-xss-protection":"0","x-frame-options":"SAMEORIGIN","x-content-type-options":"nosniff","alt-svc":"h3-29=\":443\"; ma=2592000,h3-T051=\":443\"; ma=2592000,h3-Q050=\":443\"; ma=2592000,h3-Q046=\":443\"; ma=2592000,h3-Q043=\":443\"; ma=2592000,quic=\":443\"; ma=2592000; v=\"46,43\"","accept-ranges":"none","transfer-encoding":"chunked"}
[debug] [2021-02-24T05:30:43.445Z] >>> [apiv2][query] GET https://firebase.googleapis.com/v1beta1/projects/digi-sell/adminSdkConfig [none]
[debug] [2021-02-24T05:30:43.989Z] <<< [apiv2][status] GET https://firebase-public.firebaseio.com/cli.json 200
[debug] [2021-02-24T05:30:43.990Z] <<< [apiv2][body] GET https://firebase-public.firebaseio.com/cli.json {"cloudBuildErrorAfter":1594252800000,"cloudBuildWarnAfter":1590019200000,"defaultNode10After":1594252800000,"minVersion":"3.0.5","node8DeploysDisabledAfter":1613390400000,"node8RuntimeDisabledAfter":1615809600000,"node8WarnAfter":1600128000000}
[debug] [2021-02-24T05:30:44.141Z] <<< [apiv2][status] GET https://firebase.googleapis.com/v1beta1/projects/digi-sell/adminSdkConfig 200
[debug] [2021-02-24T05:30:44.141Z] <<< [apiv2][body] GET https://firebase.googleapis.com/v1beta1/projects/digi-sell/adminSdkConfig {"projectId":"digi-sell","storageBucket":"digi-sell.appspot.com","locationId":"us-central"}
[debug] [2021-02-24T05:30:44.171Z] >>> [apiv2][query] GET https://firebase.googleapis.com/v1beta1/projects/digi-sell/webApps/-/config [none]
[debug] [2021-02-24T05:30:45.574Z] <<< [apiv2][status] GET https://firebase.googleapis.com/v1beta1/projects/digi-sell/webApps/-/config 200
[debug] [2021-02-24T05:30:45.574Z] <<< [apiv2][body] GET https://firebase.googleapis.com/v1beta1/projects/digi-sell/webApps/-/config {"projectId":"digi-sell","appId":"1:370138128406:web:dc3d3d5364dbb40f2b9537","storageBucket":"digi-sell.appspot.com","locationId":"us-central","apiKey":"AIzaSyBy6Z5YpYFJ7cn4UrURIt7DfojG5H7bc7s","authDomain":"digi-sell.firebaseapp.com","messagingSenderId":"370138128406","measurementId":"G-YK4F7BVTXH"}
[info] i  hosting: Serving hosting files from: build {"metadata":{"emulator":{"name":"hosting"},"message":"Serving hosting files from: \u001b[1mbuild\u001b[22m"}}
[info] ✔  hosting: Local server: http://localhost:5000 {"metadata":{"emulator":{"name":"hosting"},"message":"Local server: \u001b[4m\u001b[1mhttp://localhost:5000\u001b[22m\u001b[24m"}}
[debug] [2021-02-24T05:30:45.636Z] Ignoring unsupported arg: auto_download {"metadata":{"emulator":{"name":"ui"},"message":"Ignoring unsupported arg: auto_download"}}
[debug] [2021-02-24T05:30:45.637Z] Ignoring unsupported arg: port {"metadata":{"emulator":{"name":"ui"},"message":"Ignoring unsupported arg: port"}}
[debug] [2021-02-24T05:30:45.637Z] Starting Emulator UI with command {"binary":"node","args":["/Users/shwetang-/.cache/firebase/emulators/ui-v1.4.1/server.bundle.js"],"optionalArgs":[],"joinArgs":false} {"metadata":{"emulator":{"name":"ui"},"message":"Starting Emulator UI with command {\"binary\":\"node\",\"args\":[\"/Users/shwetang-/.cache/firebase/emulators/ui-v1.4.1/server.bundle.js\"],\"optionalArgs\":[],\"joinArgs\":false}"}}
[info] i  ui: Emulator UI logging to ui-debug.log {"metadata":{"emulator":{"name":"ui"},"message":"Emulator UI logging to \u001b[1mui-debug.log\u001b[22m"}}
[debug] [2021-02-24T05:30:45.754Z] Web / API server started at http://localhost:4000
 {"metadata":{"emulator":{"name":"ui"},"message":"Web / API server started at http://localhost:4000\n"}}
[info] i  functions: Watching "/Users/shwetang-/Projects/Personal/reactjs/ecommerce-app/functions" for Cloud Functions... {"metadata":{"emulator":{"name":"functions"},"message":"Watching \"/Users/shwetang-/Projects/Personal/reactjs/ecommerce-app/functions\" for Cloud Functions..."}}
[debug] [2021-02-24T05:30:45.927Z] [worker-pool] addWorker(~diagnostic~) {"metadata":{"emulator":{"name":"functions"},"message":"[worker-pool] addWorker(~diagnostic~)"}}
[debug] [2021-02-24T05:30:45.928Z] [worker-pool] Adding worker with key ~diagnostic~, total=1 {"metadata":{"emulator":{"name":"functions"},"message":"[worker-pool] Adding worker with key ~diagnostic~, total=1"}}
[debug] [2021-02-24T05:30:45.928Z] [worker-pool] submitWork(triggerId=) {"metadata":{"emulator":{"name":"functions"},"message":"[worker-pool] submitWork(triggerId=)"}}
[debug] [2021-02-24T05:30:45.929Z] [worker-~diagnostic~-ffecf374-b075-4622-8c71-3dfda7a76e1f]: Assigning socketPath: /var/folders/xn/w72q2n212wnfn09w5jm_8m7r0000gn/T/fire_emu_11313.sock {"metadata":{"emulator":{"name":"functions"},"message":"[worker-~diagnostic~-ffecf374-b075-4622-8c71-3dfda7a76e1f]: Assigning socketPath: /var/folders/xn/w72q2n212wnfn09w5jm_8m7r0000gn/T/fire_emu_11313.sock"}}
[debug] [2021-02-24T05:30:45.930Z] [worker-~diagnostic~-ffecf374-b075-4622-8c71-3dfda7a76e1f]: BUSY {"metadata":{"emulator":{"name":"functions"},"message":"[worker-~diagnostic~-ffecf374-b075-4622-8c71-3dfda7a76e1f]: BUSY"}}
[debug] [2021-02-24T05:30:46.089Z] [runtime-status] [11313] Functions runtime initialized. {"cwd":"/Users/shwetang-/Projects/Personal/reactjs/ecommerce-app/functions","node_version":"15.5.1"} {"metadata":{"emulator":{"name":"functions"},"message":"[runtime-status] [11313] Functions runtime initialized. {\"cwd\":\"/Users/shwetang-/Projects/Personal/reactjs/ecommerce-app/functions\",\"node_version\":\"15.5.1\"}"}}
[debug] [2021-02-24T05:30:46.090Z] [runtime-status] [11313] Disabled runtime features: undefined {"metadata":{"emulator":{"name":"functions"},"message":"[runtime-status] [11313] Disabled runtime features: undefined"}}
[debug] [2021-02-24T05:30:46.092Z] [runtime-status] [11313] Resolved module firebase-admin {"declared":true,"installed":true,"version":"9.5.0","resolution":"/Users/shwetang-/Projects/Personal/reactjs/ecommerce-app/functions/node_modules/firebase-admin/lib/index.js"} {"metadata":{"emulator":{"name":"functions"},"message":"[runtime-status] [11313] Resolved module firebase-admin {\"declared\":true,\"installed\":true,\"version\":\"9.5.0\",\"resolution\":\"/Users/shwetang-/Projects/Personal/reactjs/ecommerce-app/functions/node_modules/firebase-admin/lib/index.js\"}"}}
[debug] [2021-02-24T05:30:46.094Z] [runtime-status] [11313] Resolved module firebase-functions {"declared":true,"installed":true,"version":"3.13.1","resolution":"/Users/shwetang-/Projects/Personal/reactjs/ecommerce-app/functions/node_modules/firebase-functions/lib/index.js"} {"metadata":{"emulator":{"name":"functions"},"message":"[runtime-status] [11313] Resolved module firebase-functions {\"declared\":true,\"installed\":true,\"version\":\"3.13.1\",\"resolution\":\"/Users/shwetang-/Projects/Personal/reactjs/ecommerce-app/functions/node_modules/firebase-functions/lib/index.js\"}"}}
[debug] [2021-02-24T05:30:46.097Z] [runtime-status] [11313] Resolved module firebase-functions {"declared":true,"installed":true,"version":"3.13.1","resolution":"/Users/shwetang-/Projects/Personal/reactjs/ecommerce-app/functions/node_modules/firebase-functions/lib/index.js"} {"metadata":{"emulator":{"name":"functions"},"message":"[runtime-status] [11313] Resolved module firebase-functions {\"declared\":true,\"installed\":true,\"version\":\"3.13.1\",\"resolution\":\"/Users/shwetang-/Projects/Personal/reactjs/ecommerce-app/functions/node_modules/firebase-functions/lib/index.js\"}"}}
[debug] [2021-02-24T05:30:46.099Z] [runtime-status] [11313] Outgoing network have been stubbed. [{"name":"http","status":"mocked"},{"name":"http","status":"mocked"},{"name":"https","status":"mocked"},{"name":"https","status":"mocked"},{"name":"net","status":"mocked"}] {"metadata":{"emulator":{"name":"functions"},"message":"[runtime-status] [11313] Outgoing network have been stubbed. [{\"name\":\"http\",\"status\":\"mocked\"},{\"name\":\"http\",\"status\":\"mocked\"},{\"name\":\"https\",\"status\":\"mocked\"},{\"name\":\"https\",\"status\":\"mocked\"},{\"name\":\"net\",\"status\":\"mocked\"}]"}}
[debug] [2021-02-24T05:30:46.099Z] [runtime-status] [11313] Resolved module firebase-functions {"declared":true,"installed":true,"version":"3.13.1","resolution":"/Users/shwetang-/Projects/Personal/reactjs/ecommerce-app/functions/node_modules/firebase-functions/lib/index.js"} {"metadata":{"emulator":{"name":"functions"},"message":"[runtime-status] [11313] Resolved module firebase-functions {\"declared\":true,\"installed\":true,\"version\":\"3.13.1\",\"resolution\":\"/Users/shwetang-/Projects/Personal/reactjs/ecommerce-app/functions/node_modules/firebase-functions/lib/index.js\"}"}}
[debug] [2021-02-24T05:30:46.213Z] [runtime-status] [11313] Checked functions.config() {"config":{}} {"metadata":{"emulator":{"name":"functions"},"message":"[runtime-status] [11313] Checked functions.config() {\"config\":{}}"}}
[debug] [2021-02-24T05:30:46.214Z] [runtime-status] [11313] firebase-functions has been stubbed. {"functionsResolution":{"declared":true,"installed":true,"version":"3.13.1","resolution":"/Users/shwetang-/Projects/Personal/reactjs/ecommerce-app/functions/node_modules/firebase-functions/lib/index.js"}} {"metadata":{"emulator":{"name":"functions"},"message":"[runtime-status] [11313] firebase-functions has been stubbed. {\"functionsResolution\":{\"declared\":true,\"installed\":true,\"version\":\"3.13.1\",\"resolution\":\"/Users/shwetang-/Projects/Personal/reactjs/ecommerce-app/functions/node_modules/firebase-functions/lib/index.js\"}}"}}
[debug] [2021-02-24T05:30:46.215Z] [runtime-status] [11313] Resolved module firebase-functions {"declared":true,"installed":true,"version":"3.13.1","resolution":"/Users/shwetang-/Projects/Personal/reactjs/ecommerce-app/functions/node_modules/firebase-functions/lib/index.js"} {"metadata":{"emulator":{"name":"functions"},"message":"[runtime-status] [11313] Resolved module firebase-functions {\"declared\":true,\"installed\":true,\"version\":\"3.13.1\",\"resolution\":\"/Users/shwetang-/Projects/Personal/reactjs/ecommerce-app/functions/node_modules/firebase-functions/lib/index.js\"}"}}
[debug] [2021-02-24T05:30:46.217Z] [runtime-status] [11313] Resolved module firebase-admin {"declared":true,"installed":true,"version":"9.5.0","resolution":"/Users/shwetang-/Projects/Personal/reactjs/ecommerce-app/functions/node_modules/firebase-admin/lib/index.js"} {"metadata":{"emulator":{"name":"functions"},"message":"[runtime-status] [11313] Resolved module firebase-admin {\"declared\":true,\"installed\":true,\"version\":\"9.5.0\",\"resolution\":\"/Users/shwetang-/Projects/Personal/reactjs/ecommerce-app/functions/node_modules/firebase-admin/lib/index.js\"}"}}
[debug] [2021-02-24T05:30:46.218Z] [runtime-status] [11313] Resolved module firebase-functions {"declared":true,"installed":true,"version":"3.13.1","resolution":"/Users/shwetang-/Projects/Personal/reactjs/ecommerce-app/functions/node_modules/firebase-functions/lib/index.js"} {"metadata":{"emulator":{"name":"functions"},"message":"[runtime-status] [11313] Resolved module firebase-functions {\"declared\":true,\"installed\":true,\"version\":\"3.13.1\",\"resolution\":\"/Users/shwetang-/Projects/Personal/reactjs/ecommerce-app/functions/node_modules/firebase-functions/lib/index.js\"}"}}
[debug] [2021-02-24T05:30:46.219Z] [runtime-status] [11313] firebase-admin has been stubbed. {"adminResolution":{"declared":true,"installed":true,"version":"9.5.0","resolution":"/Users/shwetang-/Projects/Personal/reactjs/ecommerce-app/functions/node_modules/firebase-admin/lib/index.js"}} {"metadata":{"emulator":{"name":"functions"},"message":"[runtime-status] [11313] firebase-admin has been stubbed. {\"adminResolution\":{\"declared\":true,\"installed\":true,\"version\":\"9.5.0\",\"resolution\":\"/Users/shwetang-/Projects/Personal/reactjs/ecommerce-app/functions/node_modules/firebase-admin/lib/index.js\"}}"}}
[info] ✔  functions[api]: http function initialized (http://localhost:5001/digi-sell/us-central1/api). {"metadata":{"emulator":{"name":"functions"},"message":"\u001b[1mhttp\u001b[22m function initialized (http://localhost:5001/digi-sell/us-central1/api)."}}
[info] 
┌─────────────────────────────────────────────────────────────┐
│ ✔  All emulators ready! It is now safe to connect your app. │
│ i  View Emulator UI at http://localhost:4000                │
└─────────────────────────────────────────────────────────────┘

┌───────────┬────────────────┬─────────────────────────────────┐
│ Emulator  │ Host:Port      │ View in Emulator UI             │
├───────────┼────────────────┼─────────────────────────────────┤
│ Functions │ localhost:5001 │ http://localhost:4000/functions │
├───────────┼────────────────┼─────────────────────────────────┤
│ Hosting   │ localhost:5000 │ n/a                             │
└───────────┴────────────────┴─────────────────────────────────┘
  Emulator Hub running at localhost:4400
  Other reserved ports: 4500

Issues? Report them at https://github.com/firebase/firebase-tools/issues and attach the *-debug.log files.
 
[debug] [2021-02-24T05:30:46.746Z] [worker-~diagnostic~-ffecf374-b075-4622-8c71-3dfda7a76e1f]: IDLE {"metadata":{"emulator":{"name":"functions"},"message":"[worker-~diagnostic~-ffecf374-b075-4622-8c71-3dfda7a76e1f]: IDLE"}}
[debug] [2021-02-24T05:31:15.607Z] File /Users/shwetang-/Projects/Personal/reactjs/ecommerce-app/functions/index.js changed, reloading triggers {"metadata":{"emulator":{"name":"functions"},"message":"File /Users/shwetang-/Projects/Personal/reactjs/ecommerce-app/functions/index.js changed, reloading triggers"}}
[debug] [2021-02-24T05:31:16.609Z] [worker-pool] Shutting down IDLE worker (~diagnostic~) {"metadata":{"emulator":{"name":"functions"},"message":"[worker-pool] Shutting down IDLE worker (~diagnostic~)"}}
[debug] [2021-02-24T05:31:16.609Z] [worker-~diagnostic~-ffecf374-b075-4622-8c71-3dfda7a76e1f]: FINISHING {"metadata":{"emulator":{"name":"functions"},"message":"[worker-~diagnostic~-ffecf374-b075-4622-8c71-3dfda7a76e1f]: FINISHING"}}
[debug] [2021-02-24T05:31:16.620Z] [worker-pool] addWorker(~diagnostic~) {"metadata":{"emulator":{"name":"functions"},"message":"[worker-pool] addWorker(~diagnostic~)"}}
[debug] [2021-02-24T05:31:16.621Z] [worker-pool] Adding worker with key ~diagnostic~, total=2 {"metadata":{"emulator":{"name":"functions"},"message":"[worker-pool] Adding worker with key ~diagnostic~, total=2"}}
[debug] [2021-02-24T05:31:16.621Z] [worker-pool] submitWork(triggerId=) {"metadata":{"emulator":{"name":"functions"},"message":"[worker-pool] submitWork(triggerId=)"}}
[debug] [2021-02-24T05:31:16.621Z] [worker-~diagnostic~-e84d1d8a-b1ee-4906-a0b0-71ffdb42c3dd]: Assigning socketPath: /var/folders/xn/w72q2n212wnfn09w5jm_8m7r0000gn/T/fire_emu_11321.sock {"metadata":{"emulator":{"name":"functions"},"message":"[worker-~diagnostic~-e84d1d8a-b1ee-4906-a0b0-71ffdb42c3dd]: Assigning socketPath: /var/folders/xn/w72q2n212wnfn09w5jm_8m7r0000gn/T/fire_emu_11321.sock"}}
[debug] [2021-02-24T05:31:16.621Z] [worker-~diagnostic~-e84d1d8a-b1ee-4906-a0b0-71ffdb42c3dd]: BUSY {"metadata":{"emulator":{"name":"functions"},"message":"[worker-~diagnostic~-e84d1d8a-b1ee-4906-a0b0-71ffdb42c3dd]: BUSY"}}
[debug] [2021-02-24T05:31:16.624Z] [worker-~diagnostic~-ffecf374-b075-4622-8c71-3dfda7a76e1f]: exited {"metadata":{"emulator":{"name":"functions"},"message":"[worker-~diagnostic~-ffecf374-b075-4622-8c71-3dfda7a76e1f]: exited"}}
[debug] [2021-02-24T05:31:16.624Z] [worker-~diagnostic~-ffecf374-b075-4622-8c71-3dfda7a76e1f]: FINISHED {"metadata":{"emulator":{"name":"functions"},"message":"[worker-~diagnostic~-ffecf374-b075-4622-8c71-3dfda7a76e1f]: FINISHED"}}
[debug] [2021-02-24T05:31:16.822Z] [runtime-status] [11321] Functions runtime initialized. {"cwd":"/Users/shwetang-/Projects/Personal/reactjs/ecommerce-app/functions","node_version":"15.5.1"} {"metadata":{"emulator":{"name":"functions"},"message":"[runtime-status] [11321] Functions runtime initialized. {\"cwd\":\"/Users/shwetang-/Projects/Personal/reactjs/ecommerce-app/functions\",\"node_version\":\"15.5.1\"}"}}
[debug] [2021-02-24T05:31:16.824Z] [runtime-status] [11321] Disabled runtime features: undefined {"metadata":{"emulator":{"name":"functions"},"message":"[runtime-status] [11321] Disabled runtime features: undefined"}}
[debug] [2021-02-24T05:31:16.826Z] [runtime-status] [11321] Resolved module firebase-admin {"declared":true,"installed":true,"version":"9.5.0","resolution":"/Users/shwetang-/Projects/Personal/reactjs/ecommerce-app/functions/node_modules/firebase-admin/lib/index.js"} {"metadata":{"emulator":{"name":"functions"},"message":"[runtime-status] [11321] Resolved module firebase-admin {\"declared\":true,\"installed\":true,\"version\":\"9.5.0\",\"resolution\":\"/Users/shwetang-/Projects/Personal/reactjs/ecommerce-app/functions/node_modules/firebase-admin/lib/index.js\"}"}}
[debug] [2021-02-24T05:31:16.827Z] [runtime-status] [11321] Resolved module firebase-functions {"declared":true,"installed":true,"version":"3.13.1","resolution":"/Users/shwetang-/Projects/Personal/reactjs/ecommerce-app/functions/node_modules/firebase-functions/lib/index.js"} {"metadata":{"emulator":{"name":"functions"},"message":"[runtime-status] [11321] Resolved module firebase-functions {\"declared\":true,\"installed\":true,\"version\":\"3.13.1\",\"resolution\":\"/Users/shwetang-/Projects/Personal/reactjs/ecommerce-app/functions/node_modules/firebase-functions/lib/index.js\"}"}}
[debug] [2021-02-24T05:31:16.830Z] [runtime-status] [11321] Resolved module firebase-functions {"declared":true,"installed":true,"version":"3.13.1","resolution":"/Users/shwetang-/Projects/Personal/reactjs/ecommerce-app/functions/node_modules/firebase-functions/lib/index.js"} {"metadata":{"emulator":{"name":"functions"},"message":"[runtime-status] [11321] Resolved module firebase-functions {\"declared\":true,\"installed\":true,\"version\":\"3.13.1\",\"resolution\":\"/Users/shwetang-/Projects/Personal/reactjs/ecommerce-app/functions/node_modules/firebase-functions/lib/index.js\"}"}}
[debug] [2021-02-24T05:31:16.834Z] [runtime-status] [11321] Outgoing network have been stubbed. [{"name":"http","status":"mocked"},{"name":"http","status":"mocked"},{"name":"https","status":"mocked"},{"name":"https","status":"mocked"},{"name":"net","status":"mocked"}] {"metadata":{"emulator":{"name":"functions"},"message":"[runtime-status] [11321] Outgoing network have been stubbed. [{\"name\":\"http\",\"status\":\"mocked\"},{\"name\":\"http\",\"status\":\"mocked\"},{\"name\":\"https\",\"status\":\"mocked\"},{\"name\":\"https\",\"status\":\"mocked\"},{\"name\":\"net\",\"status\":\"mocked\"}]"}}
[debug] [2021-02-24T05:31:16.834Z] [runtime-status] [11321] Resolved module firebase-functions {"declared":true,"installed":true,"version":"3.13.1","resolution":"/Users/shwetang-/Projects/Personal/reactjs/ecommerce-app/functions/node_modules/firebase-functions/lib/index.js"} {"metadata":{"emulator":{"name":"functions"},"message":"[runtime-status] [11321] Resolved module firebase-functions {\"declared\":true,\"installed\":true,\"version\":\"3.13.1\",\"resolution\":\"/Users/shwetang-/Projects/Personal/reactjs/ecommerce-app/functions/node_modules/firebase-functions/lib/index.js\"}"}}
[debug] [2021-02-24T05:31:16.884Z] [runtime-status] [11321] Checked functions.config() {"config":{}} {"metadata":{"emulator":{"name":"functions"},"message":"[runtime-status] [11321] Checked functions.config() {\"config\":{}}"}}
[debug] [2021-02-24T05:31:16.884Z] [runtime-status] [11321] firebase-functions has been stubbed. {"functionsResolution":{"declared":true,"installed":true,"version":"3.13.1","resolution":"/Users/shwetang-/Projects/Personal/reactjs/ecommerce-app/functions/node_modules/firebase-functions/lib/index.js"}} {"metadata":{"emulator":{"name":"functions"},"message":"[runtime-status] [11321] firebase-functions has been stubbed. {\"functionsResolution\":{\"declared\":true,\"installed\":true,\"version\":\"3.13.1\",\"resolution\":\"/Users/shwetang-/Projects/Personal/reactjs/ecommerce-app/functions/node_modules/firebase-functions/lib/index.js\"}}"}}
[debug] [2021-02-24T05:31:16.884Z] [runtime-status] [11321] Resolved module firebase-functions {"declared":true,"installed":true,"version":"3.13.1","resolution":"/Users/shwetang-/Projects/Personal/reactjs/ecommerce-app/functions/node_modules/firebase-functions/lib/index.js"} {"metadata":{"emulator":{"name":"functions"},"message":"[runtime-status] [11321] Resolved module firebase-functions {\"declared\":true,\"installed\":true,\"version\":\"3.13.1\",\"resolution\":\"/Users/shwetang-/Projects/Personal/reactjs/ecommerce-app/functions/node_modules/firebase-functions/lib/index.js\"}"}}
[debug] [2021-02-24T05:31:16.885Z] [runtime-status] [11321] Resolved module firebase-admin {"declared":true,"installed":true,"version":"9.5.0","resolution":"/Users/shwetang-/Projects/Personal/reactjs/ecommerce-app/functions/node_modules/firebase-admin/lib/index.js"} {"metadata":{"emulator":{"name":"functions"},"message":"[runtime-status] [11321] Resolved module firebase-admin {\"declared\":true,\"installed\":true,\"version\":\"9.5.0\",\"resolution\":\"/Users/shwetang-/Projects/Personal/reactjs/ecommerce-app/functions/node_modules/firebase-admin/lib/index.js\"}"}}
[debug] [2021-02-24T05:31:16.885Z] [runtime-status] [11321] Resolved module firebase-functions {"declared":true,"installed":true,"version":"3.13.1","resolution":"/Users/shwetang-/Projects/Personal/reactjs/ecommerce-app/functions/node_modules/firebase-functions/lib/index.js"} {"metadata":{"emulator":{"name":"functions"},"message":"[runtime-status] [11321] Resolved module firebase-functions {\"declared\":true,\"installed\":true,\"version\":\"3.13.1\",\"resolution\":\"/Users/shwetang-/Projects/Personal/reactjs/ecommerce-app/functions/node_modules/firebase-functions/lib/index.js\"}"}}
[debug] [2021-02-24T05:31:16.885Z] [runtime-status] [11321] firebase-admin has been stubbed. {"adminResolution":{"declared":true,"installed":true,"version":"9.5.0","resolution":"/Users/shwetang-/Projects/Personal/reactjs/ecommerce-app/functions/node_modules/firebase-admin/lib/index.js"}} {"metadata":{"emulator":{"name":"functions"},"message":"[runtime-status] [11321] firebase-admin has been stubbed. {\"adminResolution\":{\"declared\":true,\"installed\":true,\"version\":\"9.5.0\",\"resolution\":\"/Users/shwetang-/Projects/Personal/reactjs/ecommerce-app/functions/node_modules/firebase-admin/lib/index.js\"}}"}}
[debug] [2021-02-24T05:31:17.006Z] [worker-~diagnostic~-e84d1d8a-b1ee-4906-a0b0-71ffdb42c3dd]: IDLE {"metadata":{"emulator":{"name":"functions"},"message":"[worker-~diagnostic~-e84d1d8a-b1ee-4906-a0b0-71ffdb42c3dd]: IDLE"}}
[debug] [2021-02-24T05:32:15.447Z] [work-queue] {"queueLength":1,"workRunningCount":0}
[debug] [2021-02-24T05:32:15.447Z] [work-queue] {"queueLength":0,"workRunningCount":1}
[debug] [2021-02-24T05:32:15.448Z] Accepted request GET /digi-sell/us-central1/api --> api
[debug] [2021-02-24T05:32:15.448Z] [worker-pool] Cleaned up workers for ~diagnostic~: 2 --> 1 {"metadata":{"emulator":{"name":"functions"},"message":"[worker-pool] Cleaned up workers for ~diagnostic~: 2 --> 1"}}
[debug] [2021-02-24T05:32:15.458Z] [worker-pool] addWorker(api) {"metadata":{"emulator":{"name":"functions"},"message":"[worker-pool] addWorker(api)"}}
[debug] [2021-02-24T05:32:15.459Z] [worker-pool] Adding worker with key api, total=1 {"metadata":{"emulator":{"name":"functions"},"message":"[worker-pool] Adding worker with key api, total=1"}}
[debug] [2021-02-24T05:32:15.459Z] [worker-pool] submitWork(triggerId=api) {"metadata":{"emulator":{"name":"functions"},"message":"[worker-pool] submitWork(triggerId=api)"}}
[debug] [2021-02-24T05:32:15.459Z] [worker-api-9e205290-d302-4e94-a99a-fb5691c870e4]: Assigning socketPath: /var/folders/xn/w72q2n212wnfn09w5jm_8m7r0000gn/T/fire_emu_11334.sock {"metadata":{"emulator":{"name":"functions"},"message":"[worker-api-9e205290-d302-4e94-a99a-fb5691c870e4]: Assigning socketPath: /var/folders/xn/w72q2n212wnfn09w5jm_8m7r0000gn/T/fire_emu_11334.sock"}}
[debug] [2021-02-24T05:32:15.459Z] [worker-api-9e205290-d302-4e94-a99a-fb5691c870e4]: BUSY {"metadata":{"emulator":{"name":"functions"},"message":"[worker-api-9e205290-d302-4e94-a99a-fb5691c870e4]: BUSY"}}
[debug] [2021-02-24T05:32:15.950Z] [runtime-status] [11334] Functions runtime initialized. {"cwd":"/Users/shwetang-/Projects/Personal/reactjs/ecommerce-app/functions","node_version":"15.5.1"} {"metadata":{"emulator":{"name":"functions"},"function":{"name":"api"},"message":"[runtime-status] [11334] Functions runtime initialized. {\"cwd\":\"/Users/shwetang-/Projects/Personal/reactjs/ecommerce-app/functions\",\"node_version\":\"15.5.1\"}"}}
[debug] [2021-02-24T05:32:15.957Z] [runtime-status] [11334] Disabled runtime features: undefined {"metadata":{"emulator":{"name":"functions"},"function":{"name":"api"},"message":"[runtime-status] [11334] Disabled runtime features: undefined"}}
[debug] [2021-02-24T05:32:15.961Z] [runtime-status] [11334] Resolved module firebase-admin {"declared":true,"installed":true,"version":"9.5.0","resolution":"/Users/shwetang-/Projects/Personal/reactjs/ecommerce-app/functions/node_modules/firebase-admin/lib/index.js"} {"metadata":{"emulator":{"name":"functions"},"function":{"name":"api"},"message":"[runtime-status] [11334] Resolved module firebase-admin {\"declared\":true,\"installed\":true,\"version\":\"9.5.0\",\"resolution\":\"/Users/shwetang-/Projects/Personal/reactjs/ecommerce-app/functions/node_modules/firebase-admin/lib/index.js\"}"}}
[debug] [2021-02-24T05:32:15.964Z] [runtime-status] [11334] Resolved module firebase-functions {"declared":true,"installed":true,"version":"3.13.1","resolution":"/Users/shwetang-/Projects/Personal/reactjs/ecommerce-app/functions/node_modules/firebase-functions/lib/index.js"} {"metadata":{"emulator":{"name":"functions"},"function":{"name":"api"},"message":"[runtime-status] [11334] Resolved module firebase-functions {\"declared\":true,\"installed\":true,\"version\":\"3.13.1\",\"resolution\":\"/Users/shwetang-/Projects/Personal/reactjs/ecommerce-app/functions/node_modules/firebase-functions/lib/index.js\"}"}}
[debug] [2021-02-24T05:32:15.966Z] [runtime-status] [11334] Resolved module firebase-functions {"declared":true,"installed":true,"version":"3.13.1","resolution":"/Users/shwetang-/Projects/Personal/reactjs/ecommerce-app/functions/node_modules/firebase-functions/lib/index.js"} {"metadata":{"emulator":{"name":"functions"},"function":{"name":"api"},"message":"[runtime-status] [11334] Resolved module firebase-functions {\"declared\":true,\"installed\":true,\"version\":\"3.13.1\",\"resolution\":\"/Users/shwetang-/Projects/Personal/reactjs/ecommerce-app/functions/node_modules/firebase-functions/lib/index.js\"}"}}
[debug] [2021-02-24T05:32:15.972Z] [runtime-status] [11334] Outgoing network have been stubbed. [{"name":"http","status":"mocked"},{"name":"http","status":"mocked"},{"name":"https","status":"mocked"},{"name":"https","status":"mocked"},{"name":"net","status":"mocked"}] {"metadata":{"emulator":{"name":"functions"},"function":{"name":"api"},"message":"[runtime-status] [11334] Outgoing network have been stubbed. [{\"name\":\"http\",\"status\":\"mocked\"},{\"name\":\"http\",\"status\":\"mocked\"},{\"name\":\"https\",\"status\":\"mocked\"},{\"name\":\"https\",\"status\":\"mocked\"},{\"name\":\"net\",\"status\":\"mocked\"}]"}}
[debug] [2021-02-24T05:32:15.973Z] [runtime-status] [11334] Resolved module firebase-functions {"declared":true,"installed":true,"version":"3.13.1","resolution":"/Users/shwetang-/Projects/Personal/reactjs/ecommerce-app/functions/node_modules/firebase-functions/lib/index.js"} {"metadata":{"emulator":{"name":"functions"},"function":{"name":"api"},"message":"[runtime-status] [11334] Resolved module firebase-functions {\"declared\":true,\"installed\":true,\"version\":\"3.13.1\",\"resolution\":\"/Users/shwetang-/Projects/Personal/reactjs/ecommerce-app/functions/node_modules/firebase-functions/lib/index.js\"}"}}
[debug] [2021-02-24T05:32:16.046Z] [runtime-status] [11334] Checked functions.config() {"config":{}} {"metadata":{"emulator":{"name":"functions"},"function":{"name":"api"},"message":"[runtime-status] [11334] Checked functions.config() {\"config\":{}}"}}
[debug] [2021-02-24T05:32:16.046Z] [runtime-status] [11334] firebase-functions has been stubbed. {"functionsResolution":{"declared":true,"installed":true,"version":"3.13.1","resolution":"/Users/shwetang-/Projects/Personal/reactjs/ecommerce-app/functions/node_modules/firebase-functions/lib/index.js"}} {"metadata":{"emulator":{"name":"functions"},"function":{"name":"api"},"message":"[runtime-status] [11334] firebase-functions has been stubbed. {\"functionsResolution\":{\"declared\":true,\"installed\":true,\"version\":\"3.13.1\",\"resolution\":\"/Users/shwetang-/Projects/Personal/reactjs/ecommerce-app/functions/node_modules/firebase-functions/lib/index.js\"}}"}}
[debug] [2021-02-24T05:32:16.049Z] [runtime-status] [11334] Resolved module firebase-functions {"declared":true,"installed":true,"version":"3.13.1","resolution":"/Users/shwetang-/Projects/Personal/reactjs/ecommerce-app/functions/node_modules/firebase-functions/lib/index.js"} {"metadata":{"emulator":{"name":"functions"},"function":{"name":"api"},"message":"[runtime-status] [11334] Resolved module firebase-functions {\"declared\":true,\"installed\":true,\"version\":\"3.13.1\",\"resolution\":\"/Users/shwetang-/Projects/Personal/reactjs/ecommerce-app/functions/node_modules/firebase-functions/lib/index.js\"}"}}
[debug] [2021-02-24T05:32:16.050Z] [runtime-status] [11334] Resolved module firebase-admin {"declared":true,"installed":true,"version":"9.5.0","resolution":"/Users/shwetang-/Projects/Personal/reactjs/ecommerce-app/functions/node_modules/firebase-admin/lib/index.js"} {"metadata":{"emulator":{"name":"functions"},"function":{"name":"api"},"message":"[runtime-status] [11334] Resolved module firebase-admin {\"declared\":true,\"installed\":true,\"version\":\"9.5.0\",\"resolution\":\"/Users/shwetang-/Projects/Personal/reactjs/ecommerce-app/functions/node_modules/firebase-admin/lib/index.js\"}"}}
[debug] [2021-02-24T05:32:16.050Z] [runtime-status] [11334] Resolved module firebase-functions {"declared":true,"installed":true,"version":"3.13.1","resolution":"/Users/shwetang-/Projects/Personal/reactjs/ecommerce-app/functions/node_modules/firebase-functions/lib/index.js"} {"metadata":{"emulator":{"name":"functions"},"function":{"name":"api"},"message":"[runtime-status] [11334] Resolved module firebase-functions {\"declared\":true,\"installed\":true,\"version\":\"3.13.1\",\"resolution\":\"/Users/shwetang-/Projects/Personal/reactjs/ecommerce-app/functions/node_modules/firebase-functions/lib/index.js\"}"}}
[debug] [2021-02-24T05:32:16.050Z] [runtime-status] [11334] firebase-admin has been stubbed. {"adminResolution":{"declared":true,"installed":true,"version":"9.5.0","resolution":"/Users/shwetang-/Projects/Personal/reactjs/ecommerce-app/functions/node_modules/firebase-admin/lib/index.js"}} {"metadata":{"emulator":{"name":"functions"},"function":{"name":"api"},"message":"[runtime-status] [11334] firebase-admin has been stubbed. {\"adminResolution\":{\"declared\":true,\"installed\":true,\"version\":\"9.5.0\",\"resolution\":\"/Users/shwetang-/Projects/Personal/reactjs/ecommerce-app/functions/node_modules/firebase-admin/lib/index.js\"}}"}}
[debug] [2021-02-24T05:32:16.196Z] [runtime-status] [11334] Trigger "api" has been found, beginning invocation! {"metadata":{"emulator":{"name":"functions"},"function":{"name":"api"},"message":"[runtime-status] [11334] Trigger \"api\" has been found, beginning invocation!"}}
[info] i  functions: Beginning execution of "api" {"metadata":{"emulator":{"name":"functions"},"function":{"name":"api"},"message":"Beginning execution of \"api\""}}
[debug] [2021-02-24T05:32:16.197Z] [runtime-status] [11334] triggerDefinition {"httpsTrigger":{},"name":"api","entryPoint":"api"} {"metadata":{"emulator":{"name":"functions"},"function":{"name":"api"},"message":"[runtime-status] [11334] triggerDefinition {\"httpsTrigger\":{},\"name\":\"api\",\"entryPoint\":\"api\"}"}}
[debug] [2021-02-24T05:32:16.197Z] [runtime-status] [11334] Running api in mode HTTPS {"metadata":{"emulator":{"name":"functions"},"function":{"name":"api"},"message":"[runtime-status] [11334] Running api in mode HTTPS"}}
[debug] [2021-02-24T05:32:16.200Z] [runtime-status] [11334] Attempting to listen to socketPath: /var/folders/xn/w72q2n212wnfn09w5jm_8m7r0000gn/T/fire_emu_11334.sock {"metadata":{"emulator":{"name":"functions"},"function":{"name":"api"},"message":"[runtime-status] [11334] Attempting to listen to socketPath: /var/folders/xn/w72q2n212wnfn09w5jm_8m7r0000gn/T/fire_emu_11334.sock"}}
[debug] [2021-02-24T05:32:16.207Z] [functions] Runtime ready! Sending request! {"metadata":{"emulator":{"name":"functions"},"message":"[functions] Runtime ready! Sending request!"}}
[debug] [2021-02-24T05:32:16.207Z] [functions] Got req.url=/digi-sell/us-central1/api, mapping to path=/ {"metadata":{"emulator":{"name":"functions"},"message":"[functions] Got req.url=/digi-sell/us-central1/api, mapping to path=/"}}
[debug] [2021-02-24T05:32:16.218Z] [runtime-status] [11334] Ephemeral server handling GET request {"metadata":{"emulator":{"name":"functions"},"function":{"name":"api"},"message":"[runtime-status] [11334] Ephemeral server handling GET request"}}
[debug] [2021-02-24T05:32:16.231Z] [runtime-status] [11334] Ephemeral server survived. {"metadata":{"emulator":{"name":"functions"},"function":{"name":"api"},"message":"[runtime-status] [11334] Ephemeral server survived."}}
[info] i  functions: Finished "api" in ~1s {"metadata":{"emulator":{"name":"functions"},"function":{"name":"api"},"message":"Finished \"api\" in ~1s"}}
[debug] [2021-02-24T05:32:16.241Z] [worker-api-9e205290-d302-4e94-a99a-fb5691c870e4]: IDLE {"metadata":{"emulator":{"name":"functions"},"message":"[worker-api-9e205290-d302-4e94-a99a-fb5691c870e4]: IDLE"}}
[debug] [2021-02-24T05:32:16.242Z] [work-queue] {"queueLength":0,"workRunningCount":0}
[debug] [2021-02-24T05:33:35.484Z] [work-queue] {"queueLength":1,"workRunningCount":0}
[debug] [2021-02-24T05:33:35.484Z] [work-queue] {"queueLength":0,"workRunningCount":1}
[debug] [2021-02-24T05:33:35.484Z] Accepted request POST /digi-sell/us-central1/api/payments/create?total=15000 --> api
[debug] [2021-02-24T05:33:35.484Z] [worker-pool] submitWork(triggerId=api) {"metadata":{"emulator":{"name":"functions"},"message":"[worker-pool] submitWork(triggerId=api)"}}
[debug] [2021-02-24T05:33:35.484Z] [worker-api-9e205290-d302-4e94-a99a-fb5691c870e4]: Assigning socketPath: /var/folders/xn/w72q2n212wnfn09w5jm_8m7r0000gn/T/fire_emu_11334.sock {"metadata":{"emulator":{"name":"functions"},"message":"[worker-api-9e205290-d302-4e94-a99a-fb5691c870e4]: Assigning socketPath: /var/folders/xn/w72q2n212wnfn09w5jm_8m7r0000gn/T/fire_emu_11334.sock"}}
[debug] [2021-02-24T05:33:35.484Z] [worker-api-9e205290-d302-4e94-a99a-fb5691c870e4]: BUSY {"metadata":{"emulator":{"name":"functions"},"message":"[worker-api-9e205290-d302-4e94-a99a-fb5691c870e4]: BUSY"}}
[debug] [2021-02-24T05:33:35.486Z] [runtime-status] [11334] Trigger "api" has been found, beginning invocation! {"metadata":{"emulator":{"name":"functions"},"function":{"name":"api"},"message":"[runtime-status] [11334] Trigger \"api\" has been found, beginning invocation!"}}
[info] i  functions: Beginning execution of "api" {"metadata":{"emulator":{"name":"functions"},"function":{"name":"api"},"message":"Beginning execution of \"api\""}}
[debug] [2021-02-24T05:33:35.486Z] [runtime-status] [11334] triggerDefinition {"httpsTrigger":{},"name":"api","entryPoint":"api"} {"metadata":{"emulator":{"name":"functions"},"function":{"name":"api"},"message":"[runtime-status] [11334] triggerDefinition {\"httpsTrigger\":{},\"name\":\"api\",\"entryPoint\":\"api\"}"}}
[debug] [2021-02-24T05:33:35.487Z] [runtime-status] [11334] Running api in mode HTTPS {"metadata":{"emulator":{"name":"functions"},"function":{"name":"api"},"message":"[runtime-status] [11334] Running api in mode HTTPS"}}
[debug] [2021-02-24T05:33:35.487Z] [runtime-status] [11334] Attempting to listen to socketPath: /var/folders/xn/w72q2n212wnfn09w5jm_8m7r0000gn/T/fire_emu_11334.sock {"metadata":{"emulator":{"name":"functions"},"function":{"name":"api"},"message":"[runtime-status] [11334] Attempting to listen to socketPath: /var/folders/xn/w72q2n212wnfn09w5jm_8m7r0000gn/T/fire_emu_11334.sock"}}
[debug] [2021-02-24T05:33:35.488Z] [functions] Runtime ready! Sending request! {"metadata":{"emulator":{"name":"functions"},"message":"[functions] Runtime ready! Sending request!"}}
[debug] [2021-02-24T05:33:35.489Z] [functions] Got req.url=/digi-sell/us-central1/api/payments/create?total=15000, mapping to path=/payments/create?total=15000 {"metadata":{"emulator":{"name":"functions"},"message":"[functions] Got req.url=/digi-sell/us-central1/api/payments/create?total=15000, mapping to path=/payments/create?total=15000"}}
[debug] [2021-02-24T05:33:35.496Z] [runtime-status] [11334] Ephemeral server handling POST request {"metadata":{"emulator":{"name":"functions"},"function":{"name":"api"},"message":"[runtime-status] [11334] Ephemeral server handling POST request"}}
[debug] [2021-02-24T05:33:35.520Z] [runtime-status] [11334] Ephemeral server survived. {"metadata":{"emulator":{"name":"functions"},"function":{"name":"api"},"message":"[runtime-status] [11334] Ephemeral server survived."}}
[info] i  functions: Finished "api" in ~1s {"metadata":{"emulator":{"name":"functions"},"function":{"name":"api"},"message":"Finished \"api\" in ~1s"}}
[debug] [2021-02-24T05:33:36.557Z] [worker-api-9e205290-d302-4e94-a99a-fb5691c870e4]: IDLE {"metadata":{"emulator":{"name":"functions"},"message":"[worker-api-9e205290-d302-4e94-a99a-fb5691c870e4]: IDLE"}}
[debug] [2021-02-24T05:33:36.557Z] [work-queue] {"queueLength":0,"workRunningCount":0}
